2019-04-24 14:08:43.129 [main] DEBUG com.imooc.o2o.dao.HeadLineDao.queryHeadLine - ==>  Preparing: SELECT line_id lineId, line_name lineName, line_link lineLink, line_img lineImg, priority, enable_status enableStatus, create_time createTime, last_edit_time lastEditTime FROM tb_head_line ORDER BY priority DESC 
2019-04-24 14:08:43.177 [main] DEBUG com.imooc.o2o.dao.HeadLineDao.queryHeadLine - ==> Parameters: 
2019-04-24 14:08:43.195 [main] DEBUG com.imooc.o2o.dao.HeadLineDao.queryHeadLine - <==      Total: 0
2019-04-24 14:08:55.705 [main] DEBUG com.imooc.o2o.dao.HeadLineDao.queryHeadLine - ==>  Preparing: SELECT line_id lineId, line_name lineName, line_link lineLink, line_img lineImg, priority, enable_status enableStatus, create_time createTime, last_edit_time lastEditTime FROM tb_head_line ORDER BY priority DESC 
2019-04-24 14:08:55.735 [main] DEBUG com.imooc.o2o.dao.HeadLineDao.queryHeadLine - ==> Parameters: 
2019-04-24 14:08:55.751 [main] DEBUG com.imooc.o2o.dao.HeadLineDao.queryHeadLine - <==      Total: 0
2019-04-24 14:14:05.652 [main] DEBUG c.imooc.o2o.dao.ShopCategoryDao.queryShopCategory - ==>  Preparing: SELECT shop_category_id ShopCategoryId, shop_category_name ShopCategoryName, shop_category_desc ShopCategoryDesc, shop_category_img ShopCategoryImg, priority priority, create_time createTime, last_edit_time lastEditTime, parent_id parent FROM tb_shop_category WHERE parent_id is null ORDER BY priority DESC 
2019-04-24 14:14:05.686 [main] DEBUG c.imooc.o2o.dao.ShopCategoryDao.queryShopCategory - ==> Parameters: 
2019-04-24 14:14:05.708 [main] DEBUG c.imooc.o2o.dao.ShopCategoryDao.queryShopCategory - <==      Total: 1
2019-04-24 15:53:50.232 [main] DEBUG com.imooc.o2o.dao.ShopDao.queryShopList - ==>  Preparing: SELECT s.shop_id, s.shop_name, s.shop_desc, s.shop_addr, s.phone, s.shop_img, s.priority, s.create_time, s.last_edit_time, s.enable_status, s.advice, a.area_id, a.area_name, sc.shop_category_id, sc.shop_category_name FROM tb_shop s, tb_area a, tb_shop_category sc WHERE s.shop_category_id in (select shop_category_id from tb_shop_category WHERE parent_id = ?) AND s.area_id=a.area_id AND s.shop_category_id = sc.shop_category_id ORDER BY s.priority DESC LIMIT ?,?; 
2019-04-24 15:53:50.265 [main] DEBUG com.imooc.o2o.dao.ShopDao.queryShopList - ==> Parameters: 3(Long), 0(Integer), 6(Integer)
2019-04-24 15:53:50.291 [main] DEBUG com.imooc.o2o.dao.ShopDao.queryShopList - <==      Total: 1
2019-04-24 15:53:50.299 [main] DEBUG com.imooc.o2o.dao.ShopDao.queryShopCount - ==>  Preparing: SELECT count(1) FROM tb_shop s, tb_area a, tb_shop_category sc WHERE s.area_id=a.area_id AND s.shop_category_id = sc.shop_category_id 
2019-04-24 15:53:50.299 [main] DEBUG com.imooc.o2o.dao.ShopDao.queryShopCount - ==> Parameters: 
2019-04-24 15:53:50.302 [main] DEBUG com.imooc.o2o.dao.ShopDao.queryShopCount - <==      Total: 1
2019-04-24 15:58:23.467 [main] DEBUG com.imooc.o2o.dao.ShopDao.queryShopList - ==>  Preparing: SELECT s.shop_id, s.shop_name, s.shop_desc, s.shop_addr, s.phone, s.shop_img, s.priority, s.create_time, s.last_edit_time, s.enable_status, s.advice, a.area_id, a.area_name, sc.shop_category_id, sc.shop_category_name FROM tb_shop s, tb_area a, tb_shop_category sc WHERE s.shop_category_id in (select shop_category_id from tb_shop_category WHERE parent_id = ?) AND s.area_id=a.area_id AND s.shop_category_id = sc.shop_category_id ORDER BY s.priority DESC LIMIT ?,?; 
2019-04-24 15:58:23.498 [main] DEBUG com.imooc.o2o.dao.ShopDao.queryShopList - ==> Parameters: 3(Long), 0(Integer), 6(Integer)
2019-04-24 15:58:23.519 [main] DEBUG com.imooc.o2o.dao.ShopDao.queryShopList - <==      Total: 2
2019-04-24 15:58:23.526 [main] DEBUG com.imooc.o2o.dao.ShopDao.queryShopCount - ==>  Preparing: SELECT count(1) FROM tb_shop s, tb_area a, tb_shop_category sc WHERE s.area_id=a.area_id AND s.shop_category_id = sc.shop_category_id 
2019-04-24 15:58:23.526 [main] DEBUG com.imooc.o2o.dao.ShopDao.queryShopCount - ==> Parameters: 
2019-04-24 15:58:23.528 [main] DEBUG com.imooc.o2o.dao.ShopDao.queryShopCount - <==      Total: 1
2019-04-24 16:00:46.711 [main] DEBUG com.imooc.o2o.dao.ShopDao.queryShopList - ==>  Preparing: SELECT s.shop_id, s.shop_name, s.shop_desc, s.shop_addr, s.phone, s.shop_img, s.priority, s.create_time, s.last_edit_time, s.enable_status, s.advice, a.area_id, a.area_name, sc.shop_category_id, sc.shop_category_name FROM tb_shop s, tb_area a, tb_shop_category sc WHERE s.shop_category_id in (select shop_category_id from tb_shop_category WHERE parent_id = ?) AND s.area_id=a.area_id AND s.shop_category_id = sc.shop_category_id ORDER BY s.priority DESC LIMIT ?,?; 
2019-04-24 16:00:46.745 [main] DEBUG com.imooc.o2o.dao.ShopDao.queryShopList - ==> Parameters: 3(Long), 0(Integer), 6(Integer)
2019-04-24 16:00:46.766 [main] DEBUG com.imooc.o2o.dao.ShopDao.queryShopList - <==      Total: 2
2019-04-24 16:00:46.773 [main] DEBUG com.imooc.o2o.dao.ShopDao.queryShopCount - ==>  Preparing: SELECT count(1) FROM tb_shop s, tb_area a, tb_shop_category sc WHERE s.shop_category_id in (select shop_category_id from tb_shop_category WHERE parent_id = ?) AND s.area_id=a.area_id AND s.shop_category_id = sc.shop_category_id 
2019-04-24 16:00:46.774 [main] DEBUG com.imooc.o2o.dao.ShopDao.queryShopCount - ==> Parameters: 3(Long)
2019-04-24 16:00:46.775 [main] DEBUG com.imooc.o2o.dao.ShopDao.queryShopCount - <==      Total: 1
2019-04-24 17:05:03.225 [main] DEBUG com.imooc.o2o.dao.ShopDao.queryShopList - ==>  Preparing: SELECT s.shop_id shopId, s.shop_name shopName, s.shop_desc shopDesc, s.shop_addr shopAddr, s.phone Phone, s.shop_img shopImg, s.priority, s.create_time createTime, s.last_edit_time lastEditTime, s.enable_status enableStatus, s.advice , a.area_id areaId, a.area_name areaName, sc.shop_category_id shopCategoryId, sc.shop_category_name shopCategoryName FROM tb_shop s, tb_area a, tb_shop_category sc WHERE s.shop_category_id in (select shop_category_id from tb_shop_category WHERE parent_id = ?) AND s.area_id=a.area_id AND s.shop_category_id = sc.shop_category_id ORDER BY s.priority DESC LIMIT ?,?; 
2019-04-24 17:05:03.256 [main] DEBUG com.imooc.o2o.dao.ShopDao.queryShopList - ==> Parameters: 3(Long), 0(Integer), 6(Integer)
2019-04-24 17:05:03.274 [main] DEBUG com.imooc.o2o.dao.ShopDao.queryShopList - <==      Total: 2
2019-04-24 17:05:03.282 [main] DEBUG com.imooc.o2o.dao.ShopDao.queryShopCount - ==>  Preparing: SELECT count(1) FROM tb_shop s, tb_area a, tb_shop_category sc WHERE s.shop_category_id in (select shop_category_id from tb_shop_category WHERE parent_id = ?) AND s.area_id=a.area_id AND s.shop_category_id = sc.shop_category_id 
2019-04-24 17:05:03.282 [main] DEBUG com.imooc.o2o.dao.ShopDao.queryShopCount - ==> Parameters: 3(Long)
2019-04-24 17:05:03.284 [main] DEBUG com.imooc.o2o.dao.ShopDao.queryShopCount - <==      Total: 1
2019-04-24 17:06:08.195 [main] DEBUG com.imooc.o2o.dao.ShopDao.queryShopList - ==>  Preparing: SELECT s.shop_id shopId, s.shop_name shopName, s.shop_desc shopDesc, s.shop_addr shopAddr, s.phone Phone, s.shop_img shopImg, s.priority, s.create_time createTime, s.last_edit_time lastEditTime, s.enable_status enableStatus, s.advice , a.area_id areaId, a.area_name areaName, sc.shop_category_id shopCategoryId, sc.shop_category_name shopCategoryName FROM tb_shop s, tb_area a, tb_shop_category sc WHERE s.shop_category_id in (select shop_category_id from tb_shop_category WHERE parent_id = ?) AND s.area_id=a.area_id AND s.shop_category_id = sc.shop_category_id ORDER BY s.priority DESC LIMIT ?,?; 
2019-04-24 17:06:08.225 [main] DEBUG com.imooc.o2o.dao.ShopDao.queryShopList - ==> Parameters: 3(Long), 0(Integer), 6(Integer)
2019-04-24 17:06:08.245 [main] DEBUG com.imooc.o2o.dao.ShopDao.queryShopList - <==      Total: 3
2019-04-24 17:06:08.253 [main] DEBUG com.imooc.o2o.dao.ShopDao.queryShopCount - ==>  Preparing: SELECT count(1) FROM tb_shop s, tb_area a, tb_shop_category sc WHERE s.shop_category_id in (select shop_category_id from tb_shop_category WHERE parent_id = ?) AND s.area_id=a.area_id AND s.shop_category_id = sc.shop_category_id 
2019-04-24 17:06:08.253 [main] DEBUG com.imooc.o2o.dao.ShopDao.queryShopCount - ==> Parameters: 3(Long)
2019-04-24 17:06:08.255 [main] DEBUG com.imooc.o2o.dao.ShopDao.queryShopCount - <==      Total: 1
